2017-08-01 14:25:58,626 INFO org.apache.hadoop.hdfs.server.namenode.NameNode: STARTUP_MSG: 
/************************************************************
STARTUP_MSG: Starting NameNode
STARTUP_MSG:   host = node1.c.prashant-1011.internal/10.148.0.2
STARTUP_MSG:   args = []
STARTUP_MSG:   version = 2.7.3
STARTUP_MSG:   classpath = /opt/hadoop/etc/hadoop:/opt/hadoop/share/hadoop/common/lib/servlet-api-2.5.jar:/opt/hadoop/share/hadoop/common/lib/gson-2.2.4.jar:/opt/hadoop/share/hadoop/common/lib/stax-api-1.0-2.jar:/opt/hadoop/share/hadoop/common/lib/xz-1.0.jar:/opt/hadoop/share/hadoop/common/lib/jersey-core-1.9.jar:/opt/hadoop/share/hadoop/common/lib/slf4j-log4j12-1.7.10.jar:/opt/hadoop/share/hadoop/common/lib/jettison-1.1.jar:/opt/hadoop/share/hadoop/common/lib/mockito-all-1.8.5.jar:/opt/hadoop/share/hadoop/common/lib/zookeeper-3.4.6.jar:/opt/hadoop/share/hadoop/common/lib/hamcrest-core-1.3.jar:/opt/hadoop/share/hadoop/common/lib/protobuf-java-2.5.0.jar:/opt/hadoop/share/hadoop/common/lib/commons-logging-1.1.3.jar:/opt/hadoop/share/hadoop/common/lib/commons-net-3.1.jar:/opt/hadoop/share/hadoop/common/lib/jsp-api-2.1.jar:/opt/hadoop/share/hadoop/common/lib/commons-collections-3.2.2.jar:/opt/hadoop/share/hadoop/common/lib/guava-11.0.2.jar:/opt/hadoop/share/hadoop/common/lib/jsch-0.1.42.jar:/opt/hadoop/share/hadoop/common/lib/activation-1.1.jar:/opt/hadoop/share/hadoop/common/lib/snappy-java-1.0.4.1.jar:/opt/hadoop/share/hadoop/common/lib/api-util-1.0.0-M20.jar:/opt/hadoop/share/hadoop/common/lib/jetty-util-6.1.26.jar:/opt/hadoop/share/hadoop/common/lib/netty-3.6.2.Final.jar:/opt/hadoop/share/hadoop/common/lib/htrace-core-3.1.0-incubating.jar:/opt/hadoop/share/hadoop/common/lib/commons-codec-1.4.jar:/opt/hadoop/share/hadoop/common/lib/commons-configuration-1.6.jar:/opt/hadoop/share/hadoop/common/lib/java-xmlbuilder-0.4.jar:/opt/hadoop/share/hadoop/common/lib/httpclient-4.2.5.jar:/opt/hadoop/share/hadoop/common/lib/api-asn1-api-1.0.0-M20.jar:/opt/hadoop/share/hadoop/common/lib/apacheds-i18n-2.0.0-M15.jar:/opt/hadoop/share/hadoop/common/lib/hadoop-auth-2.7.3.jar:/opt/hadoop/share/hadoop/common/lib/commons-httpclient-3.1.jar:/opt/hadoop/share/hadoop/common/lib/curator-framework-2.7.1.jar:/opt/hadoop/share/hadoop/common/lib/httpcore-4.2.5.jar:/opt/hadoop/share/hadoop/common/lib/curator-recipes-2.7.1.jar:/opt/hadoop/share/hadoop/common/lib/jersey-json-1.9.jar:/opt/hadoop/share/hadoop/common/lib/commons-compress-1.4.1.jar:/opt/hadoop/share/hadoop/common/lib/commons-io-2.4.jar:/opt/hadoop/share/hadoop/common/lib/commons-math3-3.1.1.jar:/opt/hadoop/share/hadoop/common/lib/commons-lang-2.6.jar:/opt/hadoop/share/hadoop/common/lib/jackson-xc-1.9.13.jar:/opt/hadoop/share/hadoop/common/lib/jaxb-api-2.2.2.jar:/opt/hadoop/share/hadoop/common/lib/commons-digester-1.8.jar:/opt/hadoop/share/hadoop/common/lib/log4j-1.2.17.jar:/opt/hadoop/share/hadoop/common/lib/jackson-jaxrs-1.9.13.jar:/opt/hadoop/share/hadoop/common/lib/jsr305-3.0.0.jar:/opt/hadoop/share/hadoop/common/lib/jaxb-impl-2.2.3-1.jar:/opt/hadoop/share/hadoop/common/lib/jets3t-0.9.0.jar:/opt/hadoop/share/hadoop/common/lib/hadoop-annotations-2.7.3.jar:/opt/hadoop/share/hadoop/common/lib/avro-1.7.4.jar:/opt/hadoop/share/hadoop/common/lib/commons-beanutils-1.7.0.jar:/opt/hadoop/share/hadoop/common/lib/jetty-6.1.26.jar:/opt/hadoop/share/hadoop/common/lib/commons-beanutils-core-1.8.0.jar:/opt/hadoop/share/hadoop/common/lib/slf4j-api-1.7.10.jar:/opt/hadoop/share/hadoop/common/lib/xmlenc-0.52.jar:/opt/hadoop/share/hadoop/common/lib/jackson-core-asl-1.9.13.jar:/opt/hadoop/share/hadoop/common/lib/commons-cli-1.2.jar:/opt/hadoop/share/hadoop/common/lib/jackson-mapper-asl-1.9.13.jar:/opt/hadoop/share/hadoop/common/lib/curator-client-2.7.1.jar:/opt/hadoop/share/hadoop/common/lib/jersey-server-1.9.jar:/opt/hadoop/share/hadoop/common/lib/paranamer-2.3.jar:/opt/hadoop/share/hadoop/common/lib/apacheds-kerberos-codec-2.0.0-M15.jar:/opt/hadoop/share/hadoop/common/lib/asm-3.2.jar:/opt/hadoop/share/hadoop/common/lib/junit-4.11.jar:/opt/hadoop/share/hadoop/common/hadoop-nfs-2.7.3.jar:/opt/hadoop/share/hadoop/common/hadoop-common-2.7.3.jar:/opt/hadoop/share/hadoop/common/hadoop-common-2.7.3-tests.jar:/opt/hadoop/share/hadoop/hdfs:/opt/hadoop/share/hadoop/hdfs/lib/servlet-api-2.5.jar:/opt/hadoop/share/hadoop/hdfs/lib/jersey-core-1.9.jar:/opt/hadoop/share/hadoop/hdfs/lib/protobuf-java-2.5.0.jar:/opt/hadoop/share/hadoop/hdfs/lib/commons-logging-1.1.3.jar:/opt/hadoop/share/hadoop/hdfs/lib/guava-11.0.2.jar:/opt/hadoop/share/hadoop/hdfs/lib/commons-daemon-1.0.13.jar:/opt/hadoop/share/hadoop/hdfs/lib/leveldbjni-all-1.8.jar:/opt/hadoop/share/hadoop/hdfs/lib/jetty-util-6.1.26.jar:/opt/hadoop/share/hadoop/hdfs/lib/netty-3.6.2.Final.jar:/opt/hadoop/share/hadoop/hdfs/lib/htrace-core-3.1.0-incubating.jar:/opt/hadoop/share/hadoop/hdfs/lib/commons-codec-1.4.jar:/opt/hadoop/share/hadoop/hdfs/lib/netty-all-4.0.23.Final.jar:/opt/hadoop/share/hadoop/hdfs/lib/commons-io-2.4.jar:/opt/hadoop/share/hadoop/hdfs/lib/commons-lang-2.6.jar:/opt/hadoop/share/hadoop/hdfs/lib/log4j-1.2.17.jar:/opt/hadoop/share/hadoop/hdfs/lib/jsr305-3.0.0.jar:/opt/hadoop/share/hadoop/hdfs/lib/xercesImpl-2.9.1.jar:/opt/hadoop/share/hadoop/hdfs/lib/xml-apis-1.3.04.jar:/opt/hadoop/share/hadoop/hdfs/lib/jetty-6.1.26.jar:/opt/hadoop/share/hadoop/hdfs/lib/xmlenc-0.52.jar:/opt/hadoop/share/hadoop/hdfs/lib/jackson-core-asl-1.9.13.jar:/opt/hadoop/share/hadoop/hdfs/lib/commons-cli-1.2.jar:/opt/hadoop/share/hadoop/hdfs/lib/jackson-mapper-asl-1.9.13.jar:/opt/hadoop/share/hadoop/hdfs/lib/jersey-server-1.9.jar:/opt/hadoop/share/hadoop/hdfs/lib/asm-3.2.jar:/opt/hadoop/share/hadoop/hdfs/hadoop-hdfs-2.7.3-tests.jar:/opt/hadoop/share/hadoop/hdfs/hadoop-hdfs-nfs-2.7.3.jar:/opt/hadoop/share/hadoop/hdfs/hadoop-hdfs-2.7.3.jar:/opt/hadoop/share/hadoop/yarn/lib/servlet-api-2.5.jar:/opt/hadoop/share/hadoop/yarn/lib/stax-api-1.0-2.jar:/opt/hadoop/share/hadoop/yarn/lib/xz-1.0.jar:/opt/hadoop/share/hadoop/yarn/lib/javax.inject-1.jar:/opt/hadoop/share/hadoop/yarn/lib/jersey-core-1.9.jar:/opt/hadoop/share/hadoop/yarn/lib/zookeeper-3.4.6-tests.jar:/opt/hadoop/share/hadoop/yarn/lib/jettison-1.1.jar:/opt/hadoop/share/hadoop/yarn/lib/aopalliance-1.0.jar:/opt/hadoop/share/hadoop/yarn/lib/zookeeper-3.4.6.jar:/opt/hadoop/share/hadoop/yarn/lib/protobuf-java-2.5.0.jar:/opt/hadoop/share/hadoop/yarn/lib/commons-logging-1.1.3.jar:/opt/hadoop/share/hadoop/yarn/lib/commons-collections-3.2.2.jar:/opt/hadoop/share/hadoop/yarn/lib/guava-11.0.2.jar:/opt/hadoop/share/hadoop/yarn/lib/activation-1.1.jar:/opt/hadoop/share/hadoop/yarn/lib/leveldbjni-all-1.8.jar:/opt/hadoop/share/hadoop/yarn/lib/jetty-util-6.1.26.jar:/opt/hadoop/share/hadoop/yarn/lib/netty-3.6.2.Final.jar:/opt/hadoop/share/hadoop/yarn/lib/commons-codec-1.4.jar:/opt/hadoop/share/hadoop/yarn/lib/guice-3.0.jar:/opt/hadoop/share/hadoop/yarn/lib/jersey-json-1.9.jar:/opt/hadoop/share/hadoop/yarn/lib/commons-compress-1.4.1.jar:/opt/hadoop/share/hadoop/yarn/lib/commons-io-2.4.jar:/opt/hadoop/share/hadoop/yarn/lib/commons-lang-2.6.jar:/opt/hadoop/share/hadoop/yarn/lib/jackson-xc-1.9.13.jar:/opt/hadoop/share/hadoop/yarn/lib/jersey-guice-1.9.jar:/opt/hadoop/share/hadoop/yarn/lib/jaxb-api-2.2.2.jar:/opt/hadoop/share/hadoop/yarn/lib/log4j-1.2.17.jar:/opt/hadoop/share/hadoop/yarn/lib/jackson-jaxrs-1.9.13.jar:/opt/hadoop/share/hadoop/yarn/lib/jsr305-3.0.0.jar:/opt/hadoop/share/hadoop/yarn/lib/jaxb-impl-2.2.3-1.jar:/opt/hadoop/share/hadoop/yarn/lib/jetty-6.1.26.jar:/opt/hadoop/share/hadoop/yarn/lib/jackson-core-asl-1.9.13.jar:/opt/hadoop/share/hadoop/yarn/lib/jersey-client-1.9.jar:/opt/hadoop/share/hadoop/yarn/lib/commons-cli-1.2.jar:/opt/hadoop/share/hadoop/yarn/lib/jackson-mapper-asl-1.9.13.jar:/opt/hadoop/share/hadoop/yarn/lib/jersey-server-1.9.jar:/opt/hadoop/share/hadoop/yarn/lib/asm-3.2.jar:/opt/hadoop/share/hadoop/yarn/lib/guice-servlet-3.0.jar:/opt/hadoop/share/hadoop/yarn/hadoop-yarn-server-common-2.7.3.jar:/opt/hadoop/share/hadoop/yarn/hadoop-yarn-common-2.7.3.jar:/opt/hadoop/share/hadoop/yarn/hadoop-yarn-applications-distributedshell-2.7.3.jar:/opt/hadoop/share/hadoop/yarn/hadoop-yarn-server-tests-2.7.3.jar:/opt/hadoop/share/hadoop/yarn/hadoop-yarn-server-applicationhistoryservice-2.7.3.jar:/opt/hadoop/share/hadoop/yarn/hadoop-yarn-server-sharedcachemanager-2.7.3.jar:/opt/hadoop/share/hadoop/yarn/hadoop-yarn-client-2.7.3.jar:/opt/hadoop/share/hadoop/yarn/hadoop-yarn-server-web-proxy-2.7.3.jar:/opt/hadoop/share/hadoop/yarn/hadoop-yarn-server-resourcemanager-2.7.3.jar:/opt/hadoop/share/hadoop/yarn/hadoop-yarn-applications-unmanaged-am-launcher-2.7.3.jar:/opt/hadoop/share/hadoop/yarn/hadoop-yarn-registry-2.7.3.jar:/opt/hadoop/share/hadoop/yarn/hadoop-yarn-server-nodemanager-2.7.3.jar:/opt/hadoop/share/hadoop/yarn/hadoop-yarn-api-2.7.3.jar:/opt/hadoop/share/hadoop/mapreduce/lib/xz-1.0.jar:/opt/hadoop/share/hadoop/mapreduce/lib/javax.inject-1.jar:/opt/hadoop/share/hadoop/mapreduce/lib/jersey-core-1.9.jar:/opt/hadoop/share/hadoop/mapreduce/lib/aopalliance-1.0.jar:/opt/hadoop/share/hadoop/mapreduce/lib/hamcrest-core-1.3.jar:/opt/hadoop/share/hadoop/mapreduce/lib/protobuf-java-2.5.0.jar:/opt/hadoop/share/hadoop/mapreduce/lib/leveldbjni-all-1.8.jar:/opt/hadoop/share/hadoop/mapreduce/lib/snappy-java-1.0.4.1.jar:/opt/hadoop/share/hadoop/mapreduce/lib/netty-3.6.2.Final.jar:/opt/hadoop/share/hadoop/mapreduce/lib/guice-3.0.jar:/opt/hadoop/share/hadoop/mapreduce/lib/commons-compress-1.4.1.jar:/opt/hadoop/share/hadoop/mapreduce/lib/commons-io-2.4.jar:/opt/hadoop/share/hadoop/mapreduce/lib/jersey-guice-1.9.jar:/opt/hadoop/share/hadoop/mapreduce/lib/log4j-1.2.17.jar:/opt/hadoop/share/hadoop/mapreduce/lib/hadoop-annotations-2.7.3.jar:/opt/hadoop/share/hadoop/mapreduce/lib/avro-1.7.4.jar:/opt/hadoop/share/hadoop/mapreduce/lib/jackson-core-asl-1.9.13.jar:/opt/hadoop/share/hadoop/mapreduce/lib/jackson-mapper-asl-1.9.13.jar:/opt/hadoop/share/hadoop/mapreduce/lib/jersey-server-1.9.jar:/opt/hadoop/share/hadoop/mapreduce/lib/paranamer-2.3.jar:/opt/hadoop/share/hadoop/mapreduce/lib/asm-3.2.jar:/opt/hadoop/share/hadoop/mapreduce/lib/guice-servlet-3.0.jar:/opt/hadoop/share/hadoop/mapreduce/lib/junit-4.11.jar:/opt/hadoop/share/hadoop/mapreduce/hadoop-mapreduce-client-hs-2.7.3.jar:/opt/hadoop/share/hadoop/mapreduce/hadoop-mapreduce-client-common-2.7.3.jar:/opt/hadoop/share/hadoop/mapreduce/hadoop-mapreduce-client-app-2.7.3.jar:/opt/hadoop/share/hadoop/mapreduce/hadoop-mapreduce-client-core-2.7.3.jar:/opt/hadoop/share/hadoop/mapreduce/hadoop-mapreduce-client-jobclient-2.7.3.jar:/opt/hadoop/share/hadoop/mapreduce/hadoop-mapreduce-client-jobclient-2.7.3-tests.jar:/opt/hadoop/share/hadoop/mapreduce/hadoop-mapreduce-examples-2.7.3.jar:/opt/hadoop/share/hadoop/mapreduce/hadoop-mapreduce-client-shuffle-2.7.3.jar:/opt/hadoop/share/hadoop/mapreduce/hadoop-mapreduce-client-hs-plugins-2.7.3.jar:/contrib/capacity-scheduler/*.jar:/contrib/capacity-scheduler/*.jar:/contrib/capacity-scheduler/*.jar
STARTUP_MSG:   build = https://git-wip-us.apache.org/repos/asf/hadoop.git -r baa91f7c6bc9cb92be5982de4719c1c8af91ccff; compiled by 'root' on 2016-08-18T01:41Z
STARTUP_MSG:   java = 1.8.0_131
************************************************************/
2017-08-01 14:25:58,633 INFO org.apache.hadoop.hdfs.server.namenode.NameNode: registered UNIX signal handlers for [TERM, HUP, INT]
2017-08-01 14:25:58,636 INFO org.apache.hadoop.hdfs.server.namenode.NameNode: createNameNode []
2017-08-01 14:25:58,901 INFO org.apache.hadoop.metrics2.impl.MetricsConfig: loaded properties from hadoop-metrics2.properties
2017-08-01 14:25:58,986 INFO org.apache.hadoop.metrics2.impl.MetricsSystemImpl: Scheduled snapshot period at 10 second(s).
2017-08-01 14:25:58,986 INFO org.apache.hadoop.metrics2.impl.MetricsSystemImpl: NameNode metrics system started
2017-08-01 14:25:58,989 INFO org.apache.hadoop.hdfs.server.namenode.NameNode: fs.defaultFS is hdfs://node1:9000
2017-08-01 14:25:58,990 INFO org.apache.hadoop.hdfs.server.namenode.NameNode: Clients are to use node1:9000 to access this namenode/service.
2017-08-01 14:25:59,180 INFO org.apache.hadoop.hdfs.DFSUtil: Starting Web-server for hdfs at: http://0.0.0.0:50070
2017-08-01 14:25:59,223 INFO org.mortbay.log: Logging to org.slf4j.impl.Log4jLoggerAdapter(org.mortbay.log) via org.mortbay.log.Slf4jLog
2017-08-01 14:25:59,231 INFO org.apache.hadoop.security.authentication.server.AuthenticationFilter: Unable to initialize FileSignerSecretProvider, falling back to use random secrets.
2017-08-01 14:25:59,236 INFO org.apache.hadoop.http.HttpRequestLog: Http request log for http.requests.namenode is not defined
2017-08-01 14:25:59,241 INFO org.apache.hadoop.http.HttpServer2: Added global filter 'safety' (class=org.apache.hadoop.http.HttpServer2$QuotingInputFilter)
2017-08-01 14:25:59,243 INFO org.apache.hadoop.http.HttpServer2: Added filter static_user_filter (class=org.apache.hadoop.http.lib.StaticUserWebFilter$StaticUserFilter) to context hdfs
2017-08-01 14:25:59,243 INFO org.apache.hadoop.http.HttpServer2: Added filter static_user_filter (class=org.apache.hadoop.http.lib.StaticUserWebFilter$StaticUserFilter) to context logs
2017-08-01 14:25:59,243 INFO org.apache.hadoop.http.HttpServer2: Added filter static_user_filter (class=org.apache.hadoop.http.lib.StaticUserWebFilter$StaticUserFilter) to context static
2017-08-01 14:25:59,362 INFO org.apache.hadoop.http.HttpServer2: Added filter 'org.apache.hadoop.hdfs.web.AuthFilter' (class=org.apache.hadoop.hdfs.web.AuthFilter)
2017-08-01 14:25:59,363 INFO org.apache.hadoop.http.HttpServer2: addJerseyResourcePackage: packageName=org.apache.hadoop.hdfs.server.namenode.web.resources;org.apache.hadoop.hdfs.web.resources, pathSpec=/webhdfs/v1/*
2017-08-01 14:25:59,374 INFO org.apache.hadoop.http.HttpServer2: Jetty bound to port 50070
2017-08-01 14:25:59,374 INFO org.mortbay.log: jetty-6.1.26
2017-08-01 14:25:59,495 INFO org.mortbay.log: Started HttpServer2$SelectChannelConnectorWithSafeStartup@0.0.0.0:50070
2017-08-01 14:25:59,518 WARN org.apache.hadoop.hdfs.server.common.Util: Path /home/prashant_ietedelhi/name should be specified as a URI in configuration files. Please update hdfs configuration.
2017-08-01 14:25:59,518 WARN org.apache.hadoop.hdfs.server.common.Util: Path /home/prashant_ietedelhi/name should be specified as a URI in configuration files. Please update hdfs configuration.
2017-08-01 14:25:59,519 WARN org.apache.hadoop.hdfs.server.namenode.FSNamesystem: Only one image storage directory (dfs.namenode.name.dir) configured. Beware of data loss due to lack of redundant storage directories!
2017-08-01 14:25:59,519 WARN org.apache.hadoop.hdfs.server.namenode.FSNamesystem: Only one namespace edits storage directory (dfs.namenode.edits.dir) configured. Beware of data loss due to lack of redundant storage directories!
2017-08-01 14:25:59,523 WARN org.apache.hadoop.hdfs.server.common.Util: Path /home/prashant_ietedelhi/name should be specified as a URI in configuration files. Please update hdfs configuration.
2017-08-01 14:25:59,523 WARN org.apache.hadoop.hdfs.server.common.Util: Path /home/prashant_ietedelhi/name should be specified as a URI in configuration files. Please update hdfs configuration.
2017-08-01 14:25:59,554 INFO org.apache.hadoop.hdfs.server.namenode.FSNamesystem: No KeyProvider found.
2017-08-01 14:25:59,555 INFO org.apache.hadoop.hdfs.server.namenode.FSNamesystem: fsLock is fair:true
2017-08-01 14:25:59,591 INFO org.apache.hadoop.hdfs.server.blockmanagement.DatanodeManager: dfs.block.invalidate.limit=1000
2017-08-01 14:25:59,591 INFO org.apache.hadoop.hdfs.server.blockmanagement.DatanodeManager: dfs.namenode.datanode.registration.ip-hostname-check=true
2017-08-01 14:25:59,592 INFO org.apache.hadoop.hdfs.server.blockmanagement.BlockManager: dfs.namenode.startup.delay.block.deletion.sec is set to 000:00:00:00.000
2017-08-01 14:25:59,592 INFO org.apache.hadoop.hdfs.server.blockmanagement.BlockManager: The block deletion will start around 2017 Aug 01 14:25:59
2017-08-01 14:25:59,593 INFO org.apache.hadoop.util.GSet: Computing capacity for map BlocksMap
2017-08-01 14:25:59,593 INFO org.apache.hadoop.util.GSet: VM type       = 64-bit
2017-08-01 14:25:59,595 INFO org.apache.hadoop.util.GSet: 2.0% max memory 889 MB = 17.8 MB
2017-08-01 14:25:59,595 INFO org.apache.hadoop.util.GSet: capacity      = 2^21 = 2097152 entries
2017-08-01 14:25:59,601 INFO org.apache.hadoop.hdfs.server.blockmanagement.BlockManager: dfs.block.access.token.enable=false
2017-08-01 14:25:59,601 INFO org.apache.hadoop.hdfs.server.blockmanagement.BlockManager: defaultReplication         = 3
2017-08-01 14:25:59,601 INFO org.apache.hadoop.hdfs.server.blockmanagement.BlockManager: maxReplication             = 512
2017-08-01 14:25:59,601 INFO org.apache.hadoop.hdfs.server.blockmanagement.BlockManager: minReplication             = 1
2017-08-01 14:25:59,601 INFO org.apache.hadoop.hdfs.server.blockmanagement.BlockManager: maxReplicationStreams      = 2
2017-08-01 14:25:59,601 INFO org.apache.hadoop.hdfs.server.blockmanagement.BlockManager: replicationRecheckInterval = 3000
2017-08-01 14:25:59,601 INFO org.apache.hadoop.hdfs.server.blockmanagement.BlockManager: encryptDataTransfer        = false
2017-08-01 14:25:59,601 INFO org.apache.hadoop.hdfs.server.blockmanagement.BlockManager: maxNumBlocksToLog          = 1000
2017-08-01 14:25:59,607 INFO org.apache.hadoop.hdfs.server.namenode.FSNamesystem: fsOwner             = prashant_ietedelhi (auth:SIMPLE)
2017-08-01 14:25:59,607 INFO org.apache.hadoop.hdfs.server.namenode.FSNamesystem: supergroup          = supergroup
2017-08-01 14:25:59,607 INFO org.apache.hadoop.hdfs.server.namenode.FSNamesystem: isPermissionEnabled = true
2017-08-01 14:25:59,608 INFO org.apache.hadoop.hdfs.server.namenode.FSNamesystem: HA Enabled: false
2017-08-01 14:25:59,609 INFO org.apache.hadoop.hdfs.server.namenode.FSNamesystem: Append Enabled: true
2017-08-01 14:25:59,654 INFO org.apache.hadoop.util.GSet: Computing capacity for map INodeMap
2017-08-01 14:25:59,654 INFO org.apache.hadoop.util.GSet: VM type       = 64-bit
2017-08-01 14:25:59,654 INFO org.apache.hadoop.util.GSet: 1.0% max memory 889 MB = 8.9 MB
2017-08-01 14:25:59,655 INFO org.apache.hadoop.util.GSet: capacity      = 2^20 = 1048576 entries
2017-08-01 14:25:59,655 INFO org.apache.hadoop.hdfs.server.namenode.FSDirectory: ACLs enabled? false
2017-08-01 14:25:59,655 INFO org.apache.hadoop.hdfs.server.namenode.FSDirectory: XAttrs enabled? true
2017-08-01 14:25:59,655 INFO org.apache.hadoop.hdfs.server.namenode.FSDirectory: Maximum size of an xattr: 16384
2017-08-01 14:25:59,656 INFO org.apache.hadoop.hdfs.server.namenode.NameNode: Caching file names occuring more than 10 times
2017-08-01 14:25:59,661 INFO org.apache.hadoop.util.GSet: Computing capacity for map cachedBlocks
2017-08-01 14:25:59,662 INFO org.apache.hadoop.util.GSet: VM type       = 64-bit
2017-08-01 14:25:59,662 INFO org.apache.hadoop.util.GSet: 0.25% max memory 889 MB = 2.2 MB
2017-08-01 14:25:59,662 INFO org.apache.hadoop.util.GSet: capacity      = 2^18 = 262144 entries
2017-08-01 14:25:59,663 INFO org.apache.hadoop.hdfs.server.namenode.FSNamesystem: dfs.namenode.safemode.threshold-pct = 0.9990000128746033
2017-08-01 14:25:59,663 INFO org.apache.hadoop.hdfs.server.namenode.FSNamesystem: dfs.namenode.safemode.min.datanodes = 0
2017-08-01 14:25:59,663 INFO org.apache.hadoop.hdfs.server.namenode.FSNamesystem: dfs.namenode.safemode.extension     = 30000
2017-08-01 14:25:59,665 INFO org.apache.hadoop.hdfs.server.namenode.top.metrics.TopMetrics: NNTop conf: dfs.namenode.top.window.num.buckets = 10
2017-08-01 14:25:59,665 INFO org.apache.hadoop.hdfs.server.namenode.top.metrics.TopMetrics: NNTop conf: dfs.namenode.top.num.users = 10
2017-08-01 14:25:59,665 INFO org.apache.hadoop.hdfs.server.namenode.top.metrics.TopMetrics: NNTop conf: dfs.namenode.top.windows.minutes = 1,5,25
2017-08-01 14:25:59,666 INFO org.apache.hadoop.hdfs.server.namenode.FSNamesystem: Retry cache on namenode is enabled
2017-08-01 14:25:59,666 INFO org.apache.hadoop.hdfs.server.namenode.FSNamesystem: Retry cache will use 0.03 of total heap and retry cache entry expiry time is 600000 millis
2017-08-01 14:25:59,668 INFO org.apache.hadoop.util.GSet: Computing capacity for map NameNodeRetryCache
2017-08-01 14:25:59,668 INFO org.apache.hadoop.util.GSet: VM type       = 64-bit
2017-08-01 14:25:59,668 INFO org.apache.hadoop.util.GSet: 0.029999999329447746% max memory 889 MB = 273.1 KB
2017-08-01 14:25:59,668 INFO org.apache.hadoop.util.GSet: capacity      = 2^15 = 32768 entries
2017-08-01 14:25:59,681 INFO org.apache.hadoop.hdfs.server.common.Storage: Lock on /home/prashant_ietedelhi/name/in_use.lock acquired by nodename 30874@node1.c.prashant-1011.internal
2017-08-01 14:25:59,682 WARN org.apache.hadoop.hdfs.server.namenode.FSNamesystem: Encountered exception loading fsimage
java.io.IOException: NameNode is not formatted.
	at org.apache.hadoop.hdfs.server.namenode.FSImage.recoverTransitionRead(FSImage.java:225)
	at org.apache.hadoop.hdfs.server.namenode.FSNamesystem.loadFSImage(FSNamesystem.java:975)
	at org.apache.hadoop.hdfs.server.namenode.FSNamesystem.loadFromDisk(FSNamesystem.java:681)
	at org.apache.hadoop.hdfs.server.namenode.NameNode.loadNamesystem(NameNode.java:585)
	at org.apache.hadoop.hdfs.server.namenode.NameNode.initialize(NameNode.java:645)
	at org.apache.hadoop.hdfs.server.namenode.NameNode.<init>(NameNode.java:812)
	at org.apache.hadoop.hdfs.server.namenode.NameNode.<init>(NameNode.java:796)
	at org.apache.hadoop.hdfs.server.namenode.NameNode.createNameNode(NameNode.java:1493)
	at org.apache.hadoop.hdfs.server.namenode.NameNode.main(NameNode.java:1559)
2017-08-01 14:25:59,699 INFO org.mortbay.log: Stopped HttpServer2$SelectChannelConnectorWithSafeStartup@0.0.0.0:50070
2017-08-01 14:25:59,702 INFO org.apache.hadoop.metrics2.impl.MetricsSystemImpl: Stopping NameNode metrics system...
2017-08-01 14:25:59,702 INFO org.apache.hadoop.metrics2.impl.MetricsSystemImpl: NameNode metrics system stopped.
2017-08-01 14:25:59,702 INFO org.apache.hadoop.metrics2.impl.MetricsSystemImpl: NameNode metrics system shutdown complete.
2017-08-01 14:25:59,702 ERROR org.apache.hadoop.hdfs.server.namenode.NameNode: Failed to start namenode.
java.io.IOException: NameNode is not formatted.
	at org.apache.hadoop.hdfs.server.namenode.FSImage.recoverTransitionRead(FSImage.java:225)
	at org.apache.hadoop.hdfs.server.namenode.FSNamesystem.loadFSImage(FSNamesystem.java:975)
	at org.apache.hadoop.hdfs.server.namenode.FSNamesystem.loadFromDisk(FSNamesystem.java:681)
	at org.apache.hadoop.hdfs.server.namenode.NameNode.loadNamesystem(NameNode.java:585)
	at org.apache.hadoop.hdfs.server.namenode.NameNode.initialize(NameNode.java:645)
	at org.apache.hadoop.hdfs.server.namenode.NameNode.<init>(NameNode.java:812)
	at org.apache.hadoop.hdfs.server.namenode.NameNode.<init>(NameNode.java:796)
	at org.apache.hadoop.hdfs.server.namenode.NameNode.createNameNode(NameNode.java:1493)
	at org.apache.hadoop.hdfs.server.namenode.NameNode.main(NameNode.java:1559)
2017-08-01 14:25:59,704 INFO org.apache.hadoop.util.ExitUtil: Exiting with status 1
2017-08-01 14:25:59,705 INFO org.apache.hadoop.hdfs.server.namenode.NameNode: SHUTDOWN_MSG: 
/************************************************************
SHUTDOWN_MSG: Shutting down NameNode at node1.c.prashant-1011.internal/10.148.0.2
************************************************************/
2017-08-01 16:02:40,804 INFO org.apache.hadoop.hdfs.server.namenode.NameNode: STARTUP_MSG: 
/************************************************************
STARTUP_MSG: Starting NameNode
STARTUP_MSG:   host = node1.c.prashant-1011.internal/10.148.0.2
STARTUP_MSG:   args = []
STARTUP_MSG:   version = 2.7.3
STARTUP_MSG:   classpath = /opt/hadoop/etc/hadoop:/opt/hadoop/share/hadoop/common/lib/servlet-api-2.5.jar:/opt/hadoop/share/hadoop/common/lib/gson-2.2.4.jar:/opt/hadoop/share/hadoop/common/lib/stax-api-1.0-2.jar:/opt/hadoop/share/hadoop/common/lib/xz-1.0.jar:/opt/hadoop/share/hadoop/common/lib/jersey-core-1.9.jar:/opt/hadoop/share/hadoop/common/lib/slf4j-log4j12-1.7.10.jar:/opt/hadoop/share/hadoop/common/lib/jettison-1.1.jar:/opt/hadoop/share/hadoop/common/lib/mockito-all-1.8.5.jar:/opt/hadoop/share/hadoop/common/lib/zookeeper-3.4.6.jar:/opt/hadoop/share/hadoop/common/lib/hamcrest-core-1.3.jar:/opt/hadoop/share/hadoop/common/lib/protobuf-java-2.5.0.jar:/opt/hadoop/share/hadoop/common/lib/commons-logging-1.1.3.jar:/opt/hadoop/share/hadoop/common/lib/commons-net-3.1.jar:/opt/hadoop/share/hadoop/common/lib/jsp-api-2.1.jar:/opt/hadoop/share/hadoop/common/lib/commons-collections-3.2.2.jar:/opt/hadoop/share/hadoop/common/lib/guava-11.0.2.jar:/opt/hadoop/share/hadoop/common/lib/jsch-0.1.42.jar:/opt/hadoop/share/hadoop/common/lib/activation-1.1.jar:/opt/hadoop/share/hadoop/common/lib/snappy-java-1.0.4.1.jar:/opt/hadoop/share/hadoop/common/lib/api-util-1.0.0-M20.jar:/opt/hadoop/share/hadoop/common/lib/jetty-util-6.1.26.jar:/opt/hadoop/share/hadoop/common/lib/netty-3.6.2.Final.jar:/opt/hadoop/share/hadoop/common/lib/htrace-core-3.1.0-incubating.jar:/opt/hadoop/share/hadoop/common/lib/commons-codec-1.4.jar:/opt/hadoop/share/hadoop/common/lib/commons-configuration-1.6.jar:/opt/hadoop/share/hadoop/common/lib/java-xmlbuilder-0.4.jar:/opt/hadoop/share/hadoop/common/lib/httpclient-4.2.5.jar:/opt/hadoop/share/hadoop/common/lib/api-asn1-api-1.0.0-M20.jar:/opt/hadoop/share/hadoop/common/lib/apacheds-i18n-2.0.0-M15.jar:/opt/hadoop/share/hadoop/common/lib/hadoop-auth-2.7.3.jar:/opt/hadoop/share/hadoop/common/lib/commons-httpclient-3.1.jar:/opt/hadoop/share/hadoop/common/lib/curator-framework-2.7.1.jar:/opt/hadoop/share/hadoop/common/lib/httpcore-4.2.5.jar:/opt/hadoop/share/hadoop/common/lib/curator-recipes-2.7.1.jar:/opt/hadoop/share/hadoop/common/lib/jersey-json-1.9.jar:/opt/hadoop/share/hadoop/common/lib/commons-compress-1.4.1.jar:/opt/hadoop/share/hadoop/common/lib/commons-io-2.4.jar:/opt/hadoop/share/hadoop/common/lib/commons-math3-3.1.1.jar:/opt/hadoop/share/hadoop/common/lib/commons-lang-2.6.jar:/opt/hadoop/share/hadoop/common/lib/jackson-xc-1.9.13.jar:/opt/hadoop/share/hadoop/common/lib/jaxb-api-2.2.2.jar:/opt/hadoop/share/hadoop/common/lib/commons-digester-1.8.jar:/opt/hadoop/share/hadoop/common/lib/log4j-1.2.17.jar:/opt/hadoop/share/hadoop/common/lib/jackson-jaxrs-1.9.13.jar:/opt/hadoop/share/hadoop/common/lib/jsr305-3.0.0.jar:/opt/hadoop/share/hadoop/common/lib/jaxb-impl-2.2.3-1.jar:/opt/hadoop/share/hadoop/common/lib/jets3t-0.9.0.jar:/opt/hadoop/share/hadoop/common/lib/hadoop-annotations-2.7.3.jar:/opt/hadoop/share/hadoop/common/lib/avro-1.7.4.jar:/opt/hadoop/share/hadoop/common/lib/commons-beanutils-1.7.0.jar:/opt/hadoop/share/hadoop/common/lib/jetty-6.1.26.jar:/opt/hadoop/share/hadoop/common/lib/commons-beanutils-core-1.8.0.jar:/opt/hadoop/share/hadoop/common/lib/slf4j-api-1.7.10.jar:/opt/hadoop/share/hadoop/common/lib/xmlenc-0.52.jar:/opt/hadoop/share/hadoop/common/lib/jackson-core-asl-1.9.13.jar:/opt/hadoop/share/hadoop/common/lib/commons-cli-1.2.jar:/opt/hadoop/share/hadoop/common/lib/jackson-mapper-asl-1.9.13.jar:/opt/hadoop/share/hadoop/common/lib/curator-client-2.7.1.jar:/opt/hadoop/share/hadoop/common/lib/jersey-server-1.9.jar:/opt/hadoop/share/hadoop/common/lib/paranamer-2.3.jar:/opt/hadoop/share/hadoop/common/lib/apacheds-kerberos-codec-2.0.0-M15.jar:/opt/hadoop/share/hadoop/common/lib/asm-3.2.jar:/opt/hadoop/share/hadoop/common/lib/junit-4.11.jar:/opt/hadoop/share/hadoop/common/hadoop-nfs-2.7.3.jar:/opt/hadoop/share/hadoop/common/hadoop-common-2.7.3.jar:/opt/hadoop/share/hadoop/common/hadoop-common-2.7.3-tests.jar:/opt/hadoop/share/hadoop/hdfs:/opt/hadoop/share/hadoop/hdfs/lib/servlet-api-2.5.jar:/opt/hadoop/share/hadoop/hdfs/lib/jersey-core-1.9.jar:/opt/hadoop/share/hadoop/hdfs/lib/protobuf-java-2.5.0.jar:/opt/hadoop/share/hadoop/hdfs/lib/commons-logging-1.1.3.jar:/opt/hadoop/share/hadoop/hdfs/lib/guava-11.0.2.jar:/opt/hadoop/share/hadoop/hdfs/lib/commons-daemon-1.0.13.jar:/opt/hadoop/share/hadoop/hdfs/lib/leveldbjni-all-1.8.jar:/opt/hadoop/share/hadoop/hdfs/lib/jetty-util-6.1.26.jar:/opt/hadoop/share/hadoop/hdfs/lib/netty-3.6.2.Final.jar:/opt/hadoop/share/hadoop/hdfs/lib/htrace-core-3.1.0-incubating.jar:/opt/hadoop/share/hadoop/hdfs/lib/commons-codec-1.4.jar:/opt/hadoop/share/hadoop/hdfs/lib/netty-all-4.0.23.Final.jar:/opt/hadoop/share/hadoop/hdfs/lib/commons-io-2.4.jar:/opt/hadoop/share/hadoop/hdfs/lib/commons-lang-2.6.jar:/opt/hadoop/share/hadoop/hdfs/lib/log4j-1.2.17.jar:/opt/hadoop/share/hadoop/hdfs/lib/jsr305-3.0.0.jar:/opt/hadoop/share/hadoop/hdfs/lib/xercesImpl-2.9.1.jar:/opt/hadoop/share/hadoop/hdfs/lib/xml-apis-1.3.04.jar:/opt/hadoop/share/hadoop/hdfs/lib/jetty-6.1.26.jar:/opt/hadoop/share/hadoop/hdfs/lib/xmlenc-0.52.jar:/opt/hadoop/share/hadoop/hdfs/lib/jackson-core-asl-1.9.13.jar:/opt/hadoop/share/hadoop/hdfs/lib/commons-cli-1.2.jar:/opt/hadoop/share/hadoop/hdfs/lib/jackson-mapper-asl-1.9.13.jar:/opt/hadoop/share/hadoop/hdfs/lib/jersey-server-1.9.jar:/opt/hadoop/share/hadoop/hdfs/lib/asm-3.2.jar:/opt/hadoop/share/hadoop/hdfs/hadoop-hdfs-2.7.3-tests.jar:/opt/hadoop/share/hadoop/hdfs/hadoop-hdfs-nfs-2.7.3.jar:/opt/hadoop/share/hadoop/hdfs/hadoop-hdfs-2.7.3.jar:/opt/hadoop/share/hadoop/yarn/lib/servlet-api-2.5.jar:/opt/hadoop/share/hadoop/yarn/lib/stax-api-1.0-2.jar:/opt/hadoop/share/hadoop/yarn/lib/xz-1.0.jar:/opt/hadoop/share/hadoop/yarn/lib/javax.inject-1.jar:/opt/hadoop/share/hadoop/yarn/lib/jersey-core-1.9.jar:/opt/hadoop/share/hadoop/yarn/lib/zookeeper-3.4.6-tests.jar:/opt/hadoop/share/hadoop/yarn/lib/jettison-1.1.jar:/opt/hadoop/share/hadoop/yarn/lib/aopalliance-1.0.jar:/opt/hadoop/share/hadoop/yarn/lib/zookeeper-3.4.6.jar:/opt/hadoop/share/hadoop/yarn/lib/protobuf-java-2.5.0.jar:/opt/hadoop/share/hadoop/yarn/lib/commons-logging-1.1.3.jar:/opt/hadoop/share/hadoop/yarn/lib/commons-collections-3.2.2.jar:/opt/hadoop/share/hadoop/yarn/lib/guava-11.0.2.jar:/opt/hadoop/share/hadoop/yarn/lib/activation-1.1.jar:/opt/hadoop/share/hadoop/yarn/lib/leveldbjni-all-1.8.jar:/opt/hadoop/share/hadoop/yarn/lib/jetty-util-6.1.26.jar:/opt/hadoop/share/hadoop/yarn/lib/netty-3.6.2.Final.jar:/opt/hadoop/share/hadoop/yarn/lib/commons-codec-1.4.jar:/opt/hadoop/share/hadoop/yarn/lib/guice-3.0.jar:/opt/hadoop/share/hadoop/yarn/lib/jersey-json-1.9.jar:/opt/hadoop/share/hadoop/yarn/lib/commons-compress-1.4.1.jar:/opt/hadoop/share/hadoop/yarn/lib/commons-io-2.4.jar:/opt/hadoop/share/hadoop/yarn/lib/commons-lang-2.6.jar:/opt/hadoop/share/hadoop/yarn/lib/jackson-xc-1.9.13.jar:/opt/hadoop/share/hadoop/yarn/lib/jersey-guice-1.9.jar:/opt/hadoop/share/hadoop/yarn/lib/jaxb-api-2.2.2.jar:/opt/hadoop/share/hadoop/yarn/lib/log4j-1.2.17.jar:/opt/hadoop/share/hadoop/yarn/lib/jackson-jaxrs-1.9.13.jar:/opt/hadoop/share/hadoop/yarn/lib/jsr305-3.0.0.jar:/opt/hadoop/share/hadoop/yarn/lib/jaxb-impl-2.2.3-1.jar:/opt/hadoop/share/hadoop/yarn/lib/jetty-6.1.26.jar:/opt/hadoop/share/hadoop/yarn/lib/jackson-core-asl-1.9.13.jar:/opt/hadoop/share/hadoop/yarn/lib/jersey-client-1.9.jar:/opt/hadoop/share/hadoop/yarn/lib/commons-cli-1.2.jar:/opt/hadoop/share/hadoop/yarn/lib/jackson-mapper-asl-1.9.13.jar:/opt/hadoop/share/hadoop/yarn/lib/jersey-server-1.9.jar:/opt/hadoop/share/hadoop/yarn/lib/asm-3.2.jar:/opt/hadoop/share/hadoop/yarn/lib/guice-servlet-3.0.jar:/opt/hadoop/share/hadoop/yarn/hadoop-yarn-server-common-2.7.3.jar:/opt/hadoop/share/hadoop/yarn/hadoop-yarn-common-2.7.3.jar:/opt/hadoop/share/hadoop/yarn/hadoop-yarn-applications-distributedshell-2.7.3.jar:/opt/hadoop/share/hadoop/yarn/hadoop-yarn-server-tests-2.7.3.jar:/opt/hadoop/share/hadoop/yarn/hadoop-yarn-server-applicationhistoryservice-2.7.3.jar:/opt/hadoop/share/hadoop/yarn/hadoop-yarn-server-sharedcachemanager-2.7.3.jar:/opt/hadoop/share/hadoop/yarn/hadoop-yarn-client-2.7.3.jar:/opt/hadoop/share/hadoop/yarn/hadoop-yarn-server-web-proxy-2.7.3.jar:/opt/hadoop/share/hadoop/yarn/hadoop-yarn-server-resourcemanager-2.7.3.jar:/opt/hadoop/share/hadoop/yarn/hadoop-yarn-applications-unmanaged-am-launcher-2.7.3.jar:/opt/hadoop/share/hadoop/yarn/hadoop-yarn-registry-2.7.3.jar:/opt/hadoop/share/hadoop/yarn/hadoop-yarn-server-nodemanager-2.7.3.jar:/opt/hadoop/share/hadoop/yarn/hadoop-yarn-api-2.7.3.jar:/opt/hadoop/share/hadoop/mapreduce/lib/xz-1.0.jar:/opt/hadoop/share/hadoop/mapreduce/lib/javax.inject-1.jar:/opt/hadoop/share/hadoop/mapreduce/lib/jersey-core-1.9.jar:/opt/hadoop/share/hadoop/mapreduce/lib/aopalliance-1.0.jar:/opt/hadoop/share/hadoop/mapreduce/lib/hamcrest-core-1.3.jar:/opt/hadoop/share/hadoop/mapreduce/lib/protobuf-java-2.5.0.jar:/opt/hadoop/share/hadoop/mapreduce/lib/leveldbjni-all-1.8.jar:/opt/hadoop/share/hadoop/mapreduce/lib/snappy-java-1.0.4.1.jar:/opt/hadoop/share/hadoop/mapreduce/lib/netty-3.6.2.Final.jar:/opt/hadoop/share/hadoop/mapreduce/lib/guice-3.0.jar:/opt/hadoop/share/hadoop/mapreduce/lib/commons-compress-1.4.1.jar:/opt/hadoop/share/hadoop/mapreduce/lib/commons-io-2.4.jar:/opt/hadoop/share/hadoop/mapreduce/lib/jersey-guice-1.9.jar:/opt/hadoop/share/hadoop/mapreduce/lib/log4j-1.2.17.jar:/opt/hadoop/share/hadoop/mapreduce/lib/hadoop-annotations-2.7.3.jar:/opt/hadoop/share/hadoop/mapreduce/lib/avro-1.7.4.jar:/opt/hadoop/share/hadoop/mapreduce/lib/jackson-core-asl-1.9.13.jar:/opt/hadoop/share/hadoop/mapreduce/lib/jackson-mapper-asl-1.9.13.jar:/opt/hadoop/share/hadoop/mapreduce/lib/jersey-server-1.9.jar:/opt/hadoop/share/hadoop/mapreduce/lib/paranamer-2.3.jar:/opt/hadoop/share/hadoop/mapreduce/lib/asm-3.2.jar:/opt/hadoop/share/hadoop/mapreduce/lib/guice-servlet-3.0.jar:/opt/hadoop/share/hadoop/mapreduce/lib/junit-4.11.jar:/opt/hadoop/share/hadoop/mapreduce/hadoop-mapreduce-client-hs-2.7.3.jar:/opt/hadoop/share/hadoop/mapreduce/hadoop-mapreduce-client-common-2.7.3.jar:/opt/hadoop/share/hadoop/mapreduce/hadoop-mapreduce-client-app-2.7.3.jar:/opt/hadoop/share/hadoop/mapreduce/hadoop-mapreduce-client-core-2.7.3.jar:/opt/hadoop/share/hadoop/mapreduce/hadoop-mapreduce-client-jobclient-2.7.3.jar:/opt/hadoop/share/hadoop/mapreduce/hadoop-mapreduce-client-jobclient-2.7.3-tests.jar:/opt/hadoop/share/hadoop/mapreduce/hadoop-mapreduce-examples-2.7.3.jar:/opt/hadoop/share/hadoop/mapreduce/hadoop-mapreduce-client-shuffle-2.7.3.jar:/opt/hadoop/share/hadoop/mapreduce/hadoop-mapreduce-client-hs-plugins-2.7.3.jar:/contrib/capacity-scheduler/*.jar:/contrib/capacity-scheduler/*.jar:/contrib/capacity-scheduler/*.jar
STARTUP_MSG:   build = https://git-wip-us.apache.org/repos/asf/hadoop.git -r baa91f7c6bc9cb92be5982de4719c1c8af91ccff; compiled by 'root' on 2016-08-18T01:41Z
STARTUP_MSG:   java = 1.8.0_131
************************************************************/
2017-08-01 16:02:40,818 INFO org.apache.hadoop.hdfs.server.namenode.NameNode: registered UNIX signal handlers for [TERM, HUP, INT]
2017-08-01 16:02:40,821 INFO org.apache.hadoop.hdfs.server.namenode.NameNode: createNameNode []
2017-08-01 16:02:41,156 INFO org.apache.hadoop.metrics2.impl.MetricsConfig: loaded properties from hadoop-metrics2.properties
2017-08-01 16:02:41,333 INFO org.apache.hadoop.metrics2.impl.MetricsSystemImpl: Scheduled snapshot period at 10 second(s).
2017-08-01 16:02:41,333 INFO org.apache.hadoop.metrics2.impl.MetricsSystemImpl: NameNode metrics system started
2017-08-01 16:02:41,335 INFO org.apache.hadoop.hdfs.server.namenode.NameNode: fs.defaultFS is hdfs://node1:9010
2017-08-01 16:02:41,336 INFO org.apache.hadoop.hdfs.server.namenode.NameNode: Clients are to use node1:9010 to access this namenode/service.
2017-08-01 16:02:41,547 INFO org.apache.hadoop.hdfs.DFSUtil: Starting Web-server for hdfs at: http://0.0.0.0:50070
2017-08-01 16:02:41,625 INFO org.mortbay.log: Logging to org.slf4j.impl.Log4jLoggerAdapter(org.mortbay.log) via org.mortbay.log.Slf4jLog
2017-08-01 16:02:41,633 INFO org.apache.hadoop.security.authentication.server.AuthenticationFilter: Unable to initialize FileSignerSecretProvider, falling back to use random secrets.
2017-08-01 16:02:41,642 INFO org.apache.hadoop.http.HttpRequestLog: Http request log for http.requests.namenode is not defined
2017-08-01 16:02:41,649 INFO org.apache.hadoop.http.HttpServer2: Added global filter 'safety' (class=org.apache.hadoop.http.HttpServer2$QuotingInputFilter)
2017-08-01 16:02:41,652 INFO org.apache.hadoop.http.HttpServer2: Added filter static_user_filter (class=org.apache.hadoop.http.lib.StaticUserWebFilter$StaticUserFilter) to context hdfs
2017-08-01 16:02:41,652 INFO org.apache.hadoop.http.HttpServer2: Added filter static_user_filter (class=org.apache.hadoop.http.lib.StaticUserWebFilter$StaticUserFilter) to context logs
2017-08-01 16:02:41,652 INFO org.apache.hadoop.http.HttpServer2: Added filter static_user_filter (class=org.apache.hadoop.http.lib.StaticUserWebFilter$StaticUserFilter) to context static
2017-08-01 16:02:41,869 INFO org.apache.hadoop.http.HttpServer2: Added filter 'org.apache.hadoop.hdfs.web.AuthFilter' (class=org.apache.hadoop.hdfs.web.AuthFilter)
2017-08-01 16:02:41,873 INFO org.apache.hadoop.http.HttpServer2: addJerseyResourcePackage: packageName=org.apache.hadoop.hdfs.server.namenode.web.resources;org.apache.hadoop.hdfs.web.resources, pathSpec=/webhdfs/v1/*
2017-08-01 16:02:41,913 INFO org.apache.hadoop.http.HttpServer2: Jetty bound to port 50070
2017-08-01 16:02:41,913 INFO org.mortbay.log: jetty-6.1.26
2017-08-01 16:02:42,152 INFO org.mortbay.log: Started HttpServer2$SelectChannelConnectorWithSafeStartup@0.0.0.0:50070
2017-08-01 16:02:42,187 WARN org.apache.hadoop.hdfs.server.common.Util: Path /home/prashant_ietedelhi/name should be specified as a URI in configuration files. Please update hdfs configuration.
2017-08-01 16:02:42,188 WARN org.apache.hadoop.hdfs.server.common.Util: Path /home/prashant_ietedelhi/name should be specified as a URI in configuration files. Please update hdfs configuration.
2017-08-01 16:02:42,188 WARN org.apache.hadoop.hdfs.server.namenode.FSNamesystem: Only one image storage directory (dfs.namenode.name.dir) configured. Beware of data loss due to lack of redundant storage directories!
2017-08-01 16:02:42,188 WARN org.apache.hadoop.hdfs.server.namenode.FSNamesystem: Only one namespace edits storage directory (dfs.namenode.edits.dir) configured. Beware of data loss due to lack of redundant storage directories!
2017-08-01 16:02:42,195 WARN org.apache.hadoop.hdfs.server.common.Util: Path /home/prashant_ietedelhi/name should be specified as a URI in configuration files. Please update hdfs configuration.
2017-08-01 16:02:42,195 WARN org.apache.hadoop.hdfs.server.common.Util: Path /home/prashant_ietedelhi/name should be specified as a URI in configuration files. Please update hdfs configuration.
2017-08-01 16:02:42,232 INFO org.apache.hadoop.hdfs.server.namenode.FSNamesystem: No KeyProvider found.
2017-08-01 16:02:42,233 INFO org.apache.hadoop.hdfs.server.namenode.FSNamesystem: fsLock is fair:true
2017-08-01 16:02:42,287 INFO org.apache.hadoop.hdfs.server.blockmanagement.DatanodeManager: dfs.block.invalidate.limit=1000
2017-08-01 16:02:42,287 INFO org.apache.hadoop.hdfs.server.blockmanagement.DatanodeManager: dfs.namenode.datanode.registration.ip-hostname-check=true
2017-08-01 16:02:42,288 INFO org.apache.hadoop.hdfs.server.blockmanagement.BlockManager: dfs.namenode.startup.delay.block.deletion.sec is set to 000:00:00:00.000
2017-08-01 16:02:42,289 INFO org.apache.hadoop.hdfs.server.blockmanagement.BlockManager: The block deletion will start around 2017 Aug 01 16:02:42
2017-08-01 16:02:42,290 INFO org.apache.hadoop.util.GSet: Computing capacity for map BlocksMap
2017-08-01 16:02:42,290 INFO org.apache.hadoop.util.GSet: VM type       = 64-bit
2017-08-01 16:02:42,293 INFO org.apache.hadoop.util.GSet: 2.0% max memory 889 MB = 17.8 MB
2017-08-01 16:02:42,293 INFO org.apache.hadoop.util.GSet: capacity      = 2^21 = 2097152 entries
2017-08-01 16:02:42,300 INFO org.apache.hadoop.hdfs.server.blockmanagement.BlockManager: dfs.block.access.token.enable=false
2017-08-01 16:02:42,300 INFO org.apache.hadoop.hdfs.server.blockmanagement.BlockManager: defaultReplication         = 3
2017-08-01 16:02:42,300 INFO org.apache.hadoop.hdfs.server.blockmanagement.BlockManager: maxReplication             = 512
2017-08-01 16:02:42,300 INFO org.apache.hadoop.hdfs.server.blockmanagement.BlockManager: minReplication             = 1
2017-08-01 16:02:42,300 INFO org.apache.hadoop.hdfs.server.blockmanagement.BlockManager: maxReplicationStreams      = 2
2017-08-01 16:02:42,300 INFO org.apache.hadoop.hdfs.server.blockmanagement.BlockManager: replicationRecheckInterval = 3000
2017-08-01 16:02:42,300 INFO org.apache.hadoop.hdfs.server.blockmanagement.BlockManager: encryptDataTransfer        = false
2017-08-01 16:02:42,300 INFO org.apache.hadoop.hdfs.server.blockmanagement.BlockManager: maxNumBlocksToLog          = 1000
2017-08-01 16:02:42,306 INFO org.apache.hadoop.hdfs.server.namenode.FSNamesystem: fsOwner             = prashant_ietedelhi (auth:SIMPLE)
2017-08-01 16:02:42,306 INFO org.apache.hadoop.hdfs.server.namenode.FSNamesystem: supergroup          = supergroup
2017-08-01 16:02:42,306 INFO org.apache.hadoop.hdfs.server.namenode.FSNamesystem: isPermissionEnabled = true
2017-08-01 16:02:42,306 INFO org.apache.hadoop.hdfs.server.namenode.FSNamesystem: HA Enabled: false
2017-08-01 16:02:42,307 INFO org.apache.hadoop.hdfs.server.namenode.FSNamesystem: Append Enabled: true
2017-08-01 16:02:42,444 INFO org.apache.hadoop.util.GSet: Computing capacity for map INodeMap
2017-08-01 16:02:42,444 INFO org.apache.hadoop.util.GSet: VM type       = 64-bit
2017-08-01 16:02:42,444 INFO org.apache.hadoop.util.GSet: 1.0% max memory 889 MB = 8.9 MB
2017-08-01 16:02:42,444 INFO org.apache.hadoop.util.GSet: capacity      = 2^20 = 1048576 entries
2017-08-01 16:02:42,445 INFO org.apache.hadoop.hdfs.server.namenode.FSDirectory: ACLs enabled? false
2017-08-01 16:02:42,445 INFO org.apache.hadoop.hdfs.server.namenode.FSDirectory: XAttrs enabled? true
2017-08-01 16:02:42,445 INFO org.apache.hadoop.hdfs.server.namenode.FSDirectory: Maximum size of an xattr: 16384
2017-08-01 16:02:42,445 INFO org.apache.hadoop.hdfs.server.namenode.NameNode: Caching file names occuring more than 10 times
2017-08-01 16:02:42,453 INFO org.apache.hadoop.util.GSet: Computing capacity for map cachedBlocks
2017-08-01 16:02:42,453 INFO org.apache.hadoop.util.GSet: VM type       = 64-bit
2017-08-01 16:02:42,453 INFO org.apache.hadoop.util.GSet: 0.25% max memory 889 MB = 2.2 MB
2017-08-01 16:02:42,453 INFO org.apache.hadoop.util.GSet: capacity      = 2^18 = 262144 entries
2017-08-01 16:02:42,455 INFO org.apache.hadoop.hdfs.server.namenode.FSNamesystem: dfs.namenode.safemode.threshold-pct = 0.9990000128746033
2017-08-01 16:02:42,455 INFO org.apache.hadoop.hdfs.server.namenode.FSNamesystem: dfs.namenode.safemode.min.datanodes = 0
2017-08-01 16:02:42,455 INFO org.apache.hadoop.hdfs.server.namenode.FSNamesystem: dfs.namenode.safemode.extension     = 30000
2017-08-01 16:02:42,459 INFO org.apache.hadoop.hdfs.server.namenode.top.metrics.TopMetrics: NNTop conf: dfs.namenode.top.window.num.buckets = 10
2017-08-01 16:02:42,459 INFO org.apache.hadoop.hdfs.server.namenode.top.metrics.TopMetrics: NNTop conf: dfs.namenode.top.num.users = 10
2017-08-01 16:02:42,459 INFO org.apache.hadoop.hdfs.server.namenode.top.metrics.TopMetrics: NNTop conf: dfs.namenode.top.windows.minutes = 1,5,25
2017-08-01 16:02:42,460 INFO org.apache.hadoop.hdfs.server.namenode.FSNamesystem: Retry cache on namenode is enabled
2017-08-01 16:02:42,460 INFO org.apache.hadoop.hdfs.server.namenode.FSNamesystem: Retry cache will use 0.03 of total heap and retry cache entry expiry time is 600000 millis
2017-08-01 16:02:42,463 INFO org.apache.hadoop.util.GSet: Computing capacity for map NameNodeRetryCache
2017-08-01 16:02:42,463 INFO org.apache.hadoop.util.GSet: VM type       = 64-bit
2017-08-01 16:02:42,463 INFO org.apache.hadoop.util.GSet: 0.029999999329447746% max memory 889 MB = 273.1 KB
2017-08-01 16:02:42,463 INFO org.apache.hadoop.util.GSet: capacity      = 2^15 = 32768 entries
2017-08-01 16:02:42,495 INFO org.apache.hadoop.hdfs.server.common.Storage: Lock on /home/prashant_ietedelhi/name/in_use.lock acquired by nodename 2219@node1.c.prashant-1011.internal
2017-08-01 16:02:42,497 WARN org.apache.hadoop.hdfs.server.namenode.FSNamesystem: Encountered exception loading fsimage
java.io.IOException: NameNode is not formatted.
	at org.apache.hadoop.hdfs.server.namenode.FSImage.recoverTransitionRead(FSImage.java:225)
	at org.apache.hadoop.hdfs.server.namenode.FSNamesystem.loadFSImage(FSNamesystem.java:975)
	at org.apache.hadoop.hdfs.server.namenode.FSNamesystem.loadFromDisk(FSNamesystem.java:681)
	at org.apache.hadoop.hdfs.server.namenode.NameNode.loadNamesystem(NameNode.java:585)
	at org.apache.hadoop.hdfs.server.namenode.NameNode.initialize(NameNode.java:645)
	at org.apache.hadoop.hdfs.server.namenode.NameNode.<init>(NameNode.java:812)
	at org.apache.hadoop.hdfs.server.namenode.NameNode.<init>(NameNode.java:796)
	at org.apache.hadoop.hdfs.server.namenode.NameNode.createNameNode(NameNode.java:1493)
	at org.apache.hadoop.hdfs.server.namenode.NameNode.main(NameNode.java:1559)
2017-08-01 16:02:42,507 INFO org.mortbay.log: Stopped HttpServer2$SelectChannelConnectorWithSafeStartup@0.0.0.0:50070
2017-08-01 16:02:42,608 INFO org.apache.hadoop.metrics2.impl.MetricsSystemImpl: Stopping NameNode metrics system...
2017-08-01 16:02:42,608 INFO org.apache.hadoop.metrics2.impl.MetricsSystemImpl: NameNode metrics system stopped.
2017-08-01 16:02:42,609 INFO org.apache.hadoop.metrics2.impl.MetricsSystemImpl: NameNode metrics system shutdown complete.
2017-08-01 16:02:42,609 ERROR org.apache.hadoop.hdfs.server.namenode.NameNode: Failed to start namenode.
java.io.IOException: NameNode is not formatted.
	at org.apache.hadoop.hdfs.server.namenode.FSImage.recoverTransitionRead(FSImage.java:225)
	at org.apache.hadoop.hdfs.server.namenode.FSNamesystem.loadFSImage(FSNamesystem.java:975)
	at org.apache.hadoop.hdfs.server.namenode.FSNamesystem.loadFromDisk(FSNamesystem.java:681)
	at org.apache.hadoop.hdfs.server.namenode.NameNode.loadNamesystem(NameNode.java:585)
	at org.apache.hadoop.hdfs.server.namenode.NameNode.initialize(NameNode.java:645)
	at org.apache.hadoop.hdfs.server.namenode.NameNode.<init>(NameNode.java:812)
	at org.apache.hadoop.hdfs.server.namenode.NameNode.<init>(NameNode.java:796)
	at org.apache.hadoop.hdfs.server.namenode.NameNode.createNameNode(NameNode.java:1493)
	at org.apache.hadoop.hdfs.server.namenode.NameNode.main(NameNode.java:1559)
2017-08-01 16:02:42,611 INFO org.apache.hadoop.util.ExitUtil: Exiting with status 1
2017-08-01 16:02:42,612 INFO org.apache.hadoop.hdfs.server.namenode.NameNode: SHUTDOWN_MSG: 
/************************************************************
SHUTDOWN_MSG: Shutting down NameNode at node1.c.prashant-1011.internal/10.148.0.2
************************************************************/
